2019-06-26 04:42:49|11|F74E7F807F2B3F1A1B50CCBF48A2B421|윤나래(尹나래)/이종걸(李鍾杰)
2019-06-26 09:22:18|11|797B3A4913F99DFE0DF4D5C902864986|윤나래(尹나래)/문희상(文喜相)
2019-06-26 09:22:20|11|797B3A4913F99DFE0DF4D5C902864986|문희상(文喜相)/박병석(朴炳錫)
2019-06-26 09:22:21|11|797B3A4913F99DFE0DF4D5C902864986|박병석(朴炳錫)/문희상(文喜相)
2019-06-26 09:22:22|11|797B3A4913F99DFE0DF4D5C902864986|문희상(文喜相)/윤나래(尹나래)
2019-06-26 09:41:03|11|55035BF23C20C0577ACACFE52E905039|문희상(文喜相)/윤나래(尹나래)
2019-06-26 09:41:05|11|55035BF23C20C0577ACACFE52E905039|윤나래(尹나래)/박병석(朴炳錫)
2019-06-26 09:41:07|11|55035BF23C20C0577ACACFE52E905039|박병석(朴炳錫)/심재철(沈在哲)
2019-06-27 11:51:45|jesuslm13|09DAE4131DC73B7B4A1CBF0EB5804401|윤나래(尹나래)/유승민(劉承旼)
2019-06-27 11:59:25|jesuslm13|09DAE4131DC73B7B4A1CBF0EB5804401|유승민(劉承旼)/심재철(沈在哲)
2019-06-27 11:59:27|jesuslm13|09DAE4131DC73B7B4A1CBF0EB5804401|심재철(沈在哲)/박병석(朴炳錫)
2019-06-27 04:17:51|jesuslm13|2E1E576B7BA1C46277B215FEC83CEE3B|윤나래(尹나래)/유승민(劉承旼)
2019-06-28 03:45:37|jesuslm13|28DA592CA5F21111859BA2C49A6A05DA|윤나래(尹나래)/문희상(文喜相)
2019-06-28 03:45:49|jesuslm13|28DA592CA5F21111859BA2C49A6A05DA|문희상(文喜相)/박병석(朴炳錫)
2019-06-28 03:45:52|jesuslm13|28DA592CA5F21111859BA2C49A6A05DA|박병석(朴炳錫)/문희상(文喜相)
2019-06-28 03:45:53|jesuslm13|28DA592CA5F21111859BA2C49A6A05DA|문희상(文喜相)/박병석(朴炳錫)
2019-06-28 03:45:54|jesuslm13|28DA592CA5F21111859BA2C49A6A05DA|박병석(朴炳錫)/문희상(文喜相)
2019-06-28 03:45:55|jesuslm13|28DA592CA5F21111859BA2C49A6A05DA|문희상(文喜相)/박병석(朴炳錫)
2019-06-28 07:47:50|jesuslm13|1B832B24BDAB74059D03008A2F2C8E4D|문희상(文喜相)/박병석(朴炳錫)
2019-06-28 07:51:06|jesuslm13|1B832B24BDAB74059D03008A2F2C8E4D|박병석(朴炳錫)/문희상(文喜相)
2019-06-28 07:51:09|jesuslm13|1B832B24BDAB74059D03008A2F2C8E4D|문희상(文喜相)/박병석(朴炳錫)
2019-06-28 07:54:26|jesuslm13|1B832B24BDAB74059D03008A2F2C8E4D|박병석(朴炳錫)/심재철(沈在哲)
2019-06-28 07:54:29|jesuslm13|1B832B24BDAB74059D03008A2F2C8E4D|심재철(沈在哲)/문희상(文喜相)
2019-07-01 02:27:22|jesuslm13|D9FACAEDA0212DCAE8C4B4888C7E4278|문희상(文喜相)/박병석(朴炳錫)
2019-07-01 02:27:24|jesuslm13|D9FACAEDA0212DCAE8C4B4888C7E4278|박병석(朴炳錫)/문희상(文喜相)
2019-07-01 02:27:26|jesuslm13|D9FACAEDA0212DCAE8C4B4888C7E4278|문희상(文喜相)/박병석(朴炳錫)
2019-07-01 02:51:16|jesuslm13|2BFCB33F839CDDA433AC4A537596B808|심재철(沈在哲)/이종걸(李鍾杰)
2019-07-01 02:51:18|jesuslm13|2BFCB33F839CDDA433AC4A537596B808|이종걸(李鍾杰)/심재철(沈在哲)
2019-07-01 02:51:19|jesuslm13|2BFCB33F839CDDA433AC4A537596B808|심재철(沈在哲)/이종걸(李鍾杰)
2019-07-01 02:57:34|jesuslm13|2BFCB33F839CDDA433AC4A537596B808|이종걸(李鍾杰)/심재철(沈在哲)
2019-07-01 02:57:35|jesuslm13|2BFCB33F839CDDA433AC4A537596B808|심재철(沈在哲)/이종걸(李鍾杰)
2019-07-01 02:57:37|jesuslm13|2BFCB33F839CDDA433AC4A537596B808|이종걸(李鍾杰)/심재철(沈在哲)
2019-07-01 02:57:38|jesuslm13|2BFCB33F839CDDA433AC4A537596B808|심재철(沈在哲)/이종걸(李鍾杰)
2019-07-01 03:05:05|jesuslm13|2BFCB33F839CDDA433AC4A537596B808|이종걸(李鍾杰)/심재철(沈在哲)
2019-07-01 03:05:08|jesuslm13|2BFCB33F839CDDA433AC4A537596B808|심재철(沈在哲)/이종걸(李鍾杰)
2019-07-01 03:18:10|jesuslm13|2BFCB33F839CDDA433AC4A537596B808|이종걸(李鍾杰)/심재철(沈在哲)
2019-07-01 03:18:12|jesuslm13|2BFCB33F839CDDA433AC4A537596B808|심재철(沈在哲)/이종걸(李鍾杰)
2019-07-01 03:18:13|jesuslm13|2BFCB33F839CDDA433AC4A537596B808|이종걸(李鍾杰)/심재철(沈在哲)
2019-07-01 03:18:14|jesuslm13|2BFCB33F839CDDA433AC4A537596B808|심재철(沈在哲)/이종걸(李鍾杰)
2019-07-01 04:46:01|jesuslm13|7E8E4A09C79AB03E5A9D8D71EB6246FE|심재철(沈在哲)/이종걸(李鍾杰)
2019-07-01 04:46:02|jesuslm13|7E8E4A09C79AB03E5A9D8D71EB6246FE|이종걸(李鍾杰)/심재철(沈在哲)
2019-07-01 04:46:04|jesuslm13|7E8E4A09C79AB03E5A9D8D71EB6246FE|심재철(沈在哲)/이종걸(李鍾杰)
2019-07-01 04:50:16|jesuslm13|7E8E4A09C79AB03E5A9D8D71EB6246FE|이종걸(李鍾杰)/심재철(沈在哲)
2019-07-01 05:18:52|jesuslm13|7E8E4A09C79AB03E5A9D8D71EB6246FE|심재철(沈在哲)/이종걸(李鍾杰)
2019-07-01 05:18:53|jesuslm13|7E8E4A09C79AB03E5A9D8D71EB6246FE|이종걸(李鍾杰)/심재철(沈在哲)
2019-07-01 05:18:54|jesuslm13|7E8E4A09C79AB03E5A9D8D71EB6246FE|심재철(沈在哲)/이종걸(李鍾杰)
2019-07-01 05:24:29|jesuslm13|7E8E4A09C79AB03E5A9D8D71EB6246FE|이종걸(李鍾杰)/심재철(沈在哲)
2019-07-01 05:24:31|jesuslm13|7E8E4A09C79AB03E5A9D8D71EB6246FE|심재철(沈在哲)/이종걸(李鍾杰)
2019-07-01 05:29:26|jesuslm13|7E8E4A09C79AB03E5A9D8D71EB6246FE|이종걸(李鍾杰)/심재철(沈在哲)
2019-07-01 05:29:28|jesuslm13|7E8E4A09C79AB03E5A9D8D71EB6246FE|심재철(沈在哲)/이종걸(李鍾杰)
2019-07-01 05:29:29|jesuslm13|7E8E4A09C79AB03E5A9D8D71EB6246FE|이종걸(李鍾杰)/심재철(沈在哲)
2019-07-01 05:29:30|jesuslm13|7E8E4A09C79AB03E5A9D8D71EB6246FE|심재철(沈在哲)/이종걸(李鍾杰)
2019-07-01 05:29:32|jesuslm13|7E8E4A09C79AB03E5A9D8D71EB6246FE|이종걸(李鍾杰)/심재철(沈在哲)
2019-07-01 05:32:07|jesuslm13|7E8E4A09C79AB03E5A9D8D71EB6246FE|심재철(沈在哲)/이종걸(李鍾杰)
2019-07-01 05:32:10|jesuslm13|7E8E4A09C79AB03E5A9D8D71EB6246FE|이종걸(李鍾杰)/심재철(沈在哲)
2019-07-01 07:17:07|jesuslm13|56496152D67467C683EBDE2F3FDCB53C|심재철(沈在哲)/이종걸(李鍾杰)
2019-07-01 07:53:53|jesuslm13|E456AE049B318583342931A4E695A73E|심재철(沈在哲)/이종걸(李鍾杰)
2019-07-01 08:05:09|jesuslm13|E456AE049B318583342931A4E695A73E|이종걸(李鍾杰)/심재철(沈在哲)
2019-07-01 08:07:37|jesuslm13|E456AE049B318583342931A4E695A73E|심재철(沈在哲)/유승민(劉承旼)
2019-07-01 08:26:51|jesuslm13|E456AE049B318583342931A4E695A73E|유승민(劉承旼)/추미애(秋美愛)
2019-07-01 08:48:23|jesuslm13|E456AE049B318583342931A4E695A73E|추미애(秋美愛)/유승민(劉承旼)
2019-07-03 10:42:20|jesuslm13|CD3A5C1C60916D09F4ACC827B6CBB09A|신창현(申昌賢)/유승민(劉承旼)
2019-07-03 01:16:47|jesuslm13|FB088DD594EDD03BA3302D009391C43E|신창현(申昌賢)/유승민(劉承旼)
2019-07-03 04:34:46|jesuslm13|3FC46796D2168D65ADB3D8808886A103|유의동(兪義東)/유승민(劉承旼)
2019-07-03 04:35:14|jesuslm13|3FC46796D2168D65ADB3D8808886A103|유승민(劉承旼)/정병국(鄭柄國)
2019-07-03 04:35:18|jesuslm13|3FC46796D2168D65ADB3D8808886A103|정병국(鄭柄國)/유승민(劉承旼)
2019-07-03 04:35:21|jesuslm13|3FC46796D2168D65ADB3D8808886A103|유승민(劉承旼)/정병국(鄭柄國)
2019-07-03 04:35:23|jesuslm13|3FC46796D2168D65ADB3D8808886A103|정병국(鄭柄國)/유승민(劉承旼)
2019-07-03 04:35:25|jesuslm13|3FC46796D2168D65ADB3D8808886A103|유승민(劉承旼)/정병국(鄭柄國)
2019-07-03 04:35:27|jesuslm13|3FC46796D2168D65ADB3D8808886A103|정병국(鄭柄國)/유승민(劉承旼)
2019-07-03 04:35:28|jesuslm13|3FC46796D2168D65ADB3D8808886A103|유승민(劉承旼)/정병국(鄭柄國)
2019-07-03 04:35:30|jesuslm13|3FC46796D2168D65ADB3D8808886A103|정병국(鄭柄國)/유승민(劉承旼)
2019-07-03 04:35:31|jesuslm13|3FC46796D2168D65ADB3D8808886A103|유승민(劉承旼)/정병국(鄭柄國)
2019-07-03 04:35:33|jesuslm13|3FC46796D2168D65ADB3D8808886A103|정병국(鄭柄國)/유승민(劉承旼)
2019-07-03 04:35:35|jesuslm13|3FC46796D2168D65ADB3D8808886A103|유승민(劉承旼)/정병국(鄭柄國)
2019-07-03 04:35:41|jesuslm13|3FC46796D2168D65ADB3D8808886A103|정병국(鄭柄國)/이혜훈(李惠薰)
2019-07-03 04:35:44|jesuslm13|3FC46796D2168D65ADB3D8808886A103|이혜훈(李惠薰)/유승민(劉承旼)
2019-07-03 04:35:48|jesuslm13|3FC46796D2168D65ADB3D8808886A103|유승민(劉承旼)/이혜훈(李惠薰)
2019-07-03 04:35:50|jesuslm13|3FC46796D2168D65ADB3D8808886A103|이혜훈(李惠薰)/유승민(劉承旼)
2019-07-03 04:35:53|jesuslm13|3FC46796D2168D65ADB3D8808886A103|유승민(劉承旼)/이혜훈(李惠薰)
2019-07-03 04:35:55|jesuslm13|3FC46796D2168D65ADB3D8808886A103|이혜훈(李惠薰)/유승민(劉承旼)
2019-07-03 04:35:58|jesuslm13|3FC46796D2168D65ADB3D8808886A103|유승민(劉承旼)/이혜훈(李惠薰)
2019-07-03 04:36:00|jesuslm13|3FC46796D2168D65ADB3D8808886A103|이혜훈(李惠薰)/유승민(劉承旼)
2019-07-03 04:36:07|jesuslm13|3FC46796D2168D65ADB3D8808886A103|유승민(劉承旼)/하태경(河泰慶)
2019-07-03 04:36:09|jesuslm13|3FC46796D2168D65ADB3D8808886A103|하태경(河泰慶)/유승민(劉承旼)
2019-07-03 04:36:13|jesuslm13|3FC46796D2168D65ADB3D8808886A103|유승민(劉承旼)/하태경(河泰慶)
2019-07-03 04:36:17|jesuslm13|3FC46796D2168D65ADB3D8808886A103|하태경(河泰慶)/유승민(劉承旼)
2019-07-03 04:36:19|jesuslm13|3FC46796D2168D65ADB3D8808886A103|유승민(劉承旼)/하태경(河泰慶)
2019-07-03 04:36:21|jesuslm13|3FC46796D2168D65ADB3D8808886A103|하태경(河泰慶)/유승민(劉承旼)
2019-07-03 04:36:23|jesuslm13|3FC46796D2168D65ADB3D8808886A103|유승민(劉承旼)/하태경(河泰慶)
2019-07-03 04:36:28|jesuslm13|3FC46796D2168D65ADB3D8808886A103|하태경(河泰慶)/정운천(鄭雲天)
2019-07-03 04:36:29|jesuslm13|3FC46796D2168D65ADB3D8808886A103|정운천(鄭雲天)/유승민(劉承旼)
2019-07-03 04:36:34|jesuslm13|3FC46796D2168D65ADB3D8808886A103|유승민(劉承旼)/정운천(鄭雲天)
2019-07-03 04:36:41|jesuslm13|3FC46796D2168D65ADB3D8808886A103|정운천(鄭雲天)/유승민(劉承旼)
2019-07-03 04:36:44|jesuslm13|3FC46796D2168D65ADB3D8808886A103|유승민(劉承旼)/정운천(鄭雲天)
2019-07-03 04:37:58|jesuslm13|3FC46796D2168D65ADB3D8808886A103|정운천(鄭雲天)/유승민(劉承旼)
2019-07-03 04:38:00|jesuslm13|3FC46796D2168D65ADB3D8808886A103|유승민(劉承旼)/정병국(鄭柄國)
2019-07-03 04:38:02|jesuslm13|3FC46796D2168D65ADB3D8808886A103|정병국(鄭柄國)/유승민(劉承旼)
2019-07-03 04:38:03|jesuslm13|3FC46796D2168D65ADB3D8808886A103|유승민(劉承旼)/정병국(鄭柄國)
2019-07-03 04:38:06|jesuslm13|3FC46796D2168D65ADB3D8808886A103|정병국(鄭柄國)/유승민(劉承旼)
2019-07-03 04:39:28|jesuslm13|3FC46796D2168D65ADB3D8808886A103|유승민(劉承旼)/정병국(鄭柄國)
2019-07-03 04:39:30|jesuslm13|3FC46796D2168D65ADB3D8808886A103|정병국(鄭柄國)/유승민(劉承旼)
2019-07-03 04:39:31|jesuslm13|3FC46796D2168D65ADB3D8808886A103|유승민(劉承旼)/정병국(鄭柄國)
2019-07-03 04:42:09|jesuslm13|3FC46796D2168D65ADB3D8808886A103|정병국(鄭柄國)/유승민(劉承旼)
2019-07-03 04:42:10|jesuslm13|3FC46796D2168D65ADB3D8808886A103|유승민(劉承旼)/정병국(鄭柄國)
2019-07-03 04:42:13|jesuslm13|3FC46796D2168D65ADB3D8808886A103|정병국(鄭柄國)/유승민(劉承旼)
2019-07-03 04:42:15|jesuslm13|3FC46796D2168D65ADB3D8808886A103|유승민(劉承旼)/정병국(鄭柄國)
2019-07-03 04:53:13|jesuslm13|3FC46796D2168D65ADB3D8808886A103|정병국(鄭柄國)/유승민(劉承旼)
2019-07-03 04:53:15|jesuslm13|3FC46796D2168D65ADB3D8808886A103|유승민(劉承旼)/정병국(鄭柄國)
2019-07-03 04:53:17|jesuslm13|3FC46796D2168D65ADB3D8808886A103|정병국(鄭柄國)/유승민(劉承旼)
2019-07-03 04:53:18|jesuslm13|3FC46796D2168D65ADB3D8808886A103|유승민(劉承旼)/정병국(鄭柄國)
2019-07-03 04:54:35|jesuslm13|3FC46796D2168D65ADB3D8808886A103|정병국(鄭柄國)/유승민(劉承旼)
2019-07-03 04:54:36|jesuslm13|3FC46796D2168D65ADB3D8808886A103|유승민(劉承旼)/정세균(丁世均)
2019-07-03 04:54:39|jesuslm13|3FC46796D2168D65ADB3D8808886A103|정세균(丁世均)/유승민(劉承旼)
2019-07-03 04:54:40|jesuslm13|3FC46796D2168D65ADB3D8808886A103|유승민(劉承旼)/정병국(鄭柄國)
2019-07-03 04:55:44|jesuslm13|3FC46796D2168D65ADB3D8808886A103|정병국(鄭柄國)/유승민(劉承旼)
2019-07-03 04:56:02|jesuslm13|3FC46796D2168D65ADB3D8808886A103|유승민(劉承旼)/이혜훈(李惠薰)
2019-07-03 04:56:34|jesuslm13|3FC46796D2168D65ADB3D8808886A103|이혜훈(李惠薰)/유승민(劉承旼)
2019-07-03 04:56:36|jesuslm13|3FC46796D2168D65ADB3D8808886A103|유승민(劉承旼)/이혜훈(李惠薰)
2019-07-03 04:56:38|jesuslm13|3FC46796D2168D65ADB3D8808886A103|이혜훈(李惠薰)/유승민(劉承旼)
2019-07-03 04:56:40|jesuslm13|3FC46796D2168D65ADB3D8808886A103|유승민(劉承旼)/이혜훈(李惠薰)
2019-07-03 04:57:45|jesuslm13|3FC46796D2168D65ADB3D8808886A103|이혜훈(李惠薰)/유승민(劉承旼)
2019-07-03 04:57:48|jesuslm13|3FC46796D2168D65ADB3D8808886A103|유승민(劉承旼)/이혜훈(李惠薰)
2019-07-03 04:57:50|jesuslm13|3FC46796D2168D65ADB3D8808886A103|이혜훈(李惠薰)/유승민(劉承旼)
2019-07-03 04:57:53|jesuslm13|3FC46796D2168D65ADB3D8808886A103|유승민(劉承旼)/이혜훈(李惠薰)
2019-07-03 04:57:55|jesuslm13|3FC46796D2168D65ADB3D8808886A103|이혜훈(李惠薰)/유승민(劉承旼)
2019-07-03 04:57:57|jesuslm13|3FC46796D2168D65ADB3D8808886A103|유승민(劉承旼)/이혜훈(李惠薰)
2019-07-03 04:58:22|jesuslm13|3FC46796D2168D65ADB3D8808886A103|이혜훈(李惠薰)/유승민(劉承旼)
2019-07-03 04:58:46|jesuslm13|3FC46796D2168D65ADB3D8808886A103|유승민(劉承旼)/이혜훈(李惠薰)
2019-07-03 04:58:51|jesuslm13|3FC46796D2168D65ADB3D8808886A103|이혜훈(李惠薰)/유승민(劉承旼)
2019-07-03 04:58:53|jesuslm13|3FC46796D2168D65ADB3D8808886A103|유승민(劉承旼)/이혜훈(李惠薰)
2019-07-03 05:00:53|jesuslm13|3FC46796D2168D65ADB3D8808886A103|이혜훈(李惠薰)/유승민(劉承旼)
2019-07-03 05:00:56|jesuslm13|3FC46796D2168D65ADB3D8808886A103|유승민(劉承旼)/하태경(河泰慶)
2019-07-03 05:00:57|jesuslm13|3FC46796D2168D65ADB3D8808886A103|하태경(河泰慶)/유승민(劉承旼)
2019-07-03 05:00:59|jesuslm13|3FC46796D2168D65ADB3D8808886A103|유승민(劉承旼)/하태경(河泰慶)
2019-07-03 05:02:05|jesuslm13|3FC46796D2168D65ADB3D8808886A103|하태경(河泰慶)/유승민(劉承旼)
2019-07-03 05:02:07|jesuslm13|3FC46796D2168D65ADB3D8808886A103|유승민(劉承旼)/하태경(河泰慶)
2019-07-03 05:02:11|jesuslm13|3FC46796D2168D65ADB3D8808886A103|하태경(河泰慶)/유승민(劉承旼)
2019-07-03 05:02:13|jesuslm13|3FC46796D2168D65ADB3D8808886A103|유승민(劉承旼)/하태경(河泰慶)
2019-07-03 05:02:58|jesuslm13|3FC46796D2168D65ADB3D8808886A103|하태경(河泰慶)/유승민(劉承旼)
2019-07-03 05:03:07|jesuslm13|3FC46796D2168D65ADB3D8808886A103|유승민(劉承旼)/하태경(河泰慶)
2019-07-03 05:03:37|jesuslm13|3FC46796D2168D65ADB3D8808886A103|하태경(河泰慶)/유승민(劉承旼)
2019-07-03 05:03:40|jesuslm13|3FC46796D2168D65ADB3D8808886A103|유승민(劉承旼)/하태경(河泰慶)
2019-07-03 05:05:48|jesuslm13|3FC46796D2168D65ADB3D8808886A103|하태경(河泰慶)/유승민(劉承旼)
2019-07-03 05:05:51|jesuslm13|3FC46796D2168D65ADB3D8808886A103|유승민(劉承旼)/하태경(河泰慶)
2019-07-03 05:05:52|jesuslm13|3FC46796D2168D65ADB3D8808886A103|하태경(河泰慶)/유승민(劉承旼)
2019-07-03 05:05:54|jesuslm13|3FC46796D2168D65ADB3D8808886A103|유승민(劉承旼)/하태경(河泰慶)
2019-07-03 05:07:48|jesuslm13|3FC46796D2168D65ADB3D8808886A103|하태경(河泰慶)/유승민(劉承旼)
2019-07-03 05:07:50|jesuslm13|3FC46796D2168D65ADB3D8808886A103|유승민(劉承旼)/이혜훈(李惠薰)
2019-07-03 05:11:10|jesuslm13|3FC46796D2168D65ADB3D8808886A103|이혜훈(李惠薰)/유승민(劉承旼)
2019-07-03 05:11:12|jesuslm13|3FC46796D2168D65ADB3D8808886A103|유승민(劉承旼)/정운천(鄭雲天)
2019-07-03 05:11:14|jesuslm13|3FC46796D2168D65ADB3D8808886A103|정운천(鄭雲天)/유승민(劉承旼)
2019-07-03 05:11:17|jesuslm13|3FC46796D2168D65ADB3D8808886A103|유승민(劉承旼)/정운천(鄭雲天)
2019-07-03 05:12:56|jesuslm13|3FC46796D2168D65ADB3D8808886A103|정운천(鄭雲天)/유승민(劉承旼)
2019-07-03 05:12:58|jesuslm13|3FC46796D2168D65ADB3D8808886A103|유승민(劉承旼)/정운천(鄭雲天)
2019-07-03 05:17:16|jesuslm13|3FC46796D2168D65ADB3D8808886A103|정운천(鄭雲天)/유승민(劉承旼)
2019-07-03 05:17:18|jesuslm13|3FC46796D2168D65ADB3D8808886A103|유승민(劉承旼)/정운천(鄭雲天)
2019-07-03 05:19:44|jesuslm13|3FC46796D2168D65ADB3D8808886A103|정운천(鄭雲天)/유승민(劉承旼)
2019-07-03 05:19:46|jesuslm13|3FC46796D2168D65ADB3D8808886A103|유승민(劉承旼)/정운천(鄭雲天)
2019-07-03 05:31:57|jesuslm13|3FC46796D2168D65ADB3D8808886A103|정운천(鄭雲天)/문희상(文喜相)
2019-07-03 05:33:54|jesuslm13|3FC46796D2168D65ADB3D8808886A103|문희상(文喜相)/유승민(劉承旼)
2019-07-03 05:33:59|jesuslm13|3FC46796D2168D65ADB3D8808886A103|유승민(劉承旼)/유의동(兪義東)
